[debug] [2025-04-22T10:41:45.480Z] ----------------------------------------------------------------------
[debug] [2025-04-22T10:41:45.482Z] Command:       C:\Program Files\nodejs\node.exe C:\Users\sujal\AppData\Roaming\npm\node_modules\firebase-tools\lib\bin\firebase.js init
[debug] [2025-04-22T10:41:45.483Z] CLI Version:   13.35.1
[debug] [2025-04-22T10:41:45.483Z] Platform:      win32
[debug] [2025-04-22T10:41:45.483Z] Node Version:  v20.16.0
[debug] [2025-04-22T10:41:45.483Z] Time:          Tue Apr 22 2025 16:11:45 GMT+0530 (India Standard Time)
[debug] [2025-04-22T10:41:45.483Z] ----------------------------------------------------------------------
[debug] 
[debug] [2025-04-22T10:41:45.667Z] Object "" in "firebase.json" has unknown property: {"additionalProperty":"flutter"}
[debug] [2025-04-22T10:41:45.670Z] > command requires scopes: ["email","openid","https://www.googleapis.com/auth/cloudplatformprojects.readonly","https://www.googleapis.com/auth/firebase","https://www.googleapis.com/auth/cloud-platform"]
[debug] [2025-04-22T10:41:45.670Z] > authorizing via signed-in user (2022.sujal.tekwani@ves.ac.in)
[debug] [2025-04-22T10:41:45.671Z] Object "" in "firebase.json" has unknown property: {"additionalProperty":"flutter"}
[info] 
     ######## #### ########  ######## ########     ###     ######  ########
     ##        ##  ##     ## ##       ##     ##  ##   ##  ##       ##
     ######    ##  ########  ######   ########  #########  ######  ######
     ##        ##  ##    ##  ##       ##     ## ##     ##       ## ##
     ##       #### ##     ## ######## ########  ##     ##  ######  ########

You're about to initialize a Firebase project in this directory:

  C:\Users\sujal\OneDrive\Desktop\event_management_app-1

Before we get started, keep in mind:

  * You are initializing within an existing Firebase project directory

